<?xml version="1.0" encoding="UTF-8"?>
<testsuite xmlns:xsi="http://www.w3.org/2001/XMLSchema-instance" xsi:noNamespaceSchemaLocation="https://maven.apache.org/surefire/maven-surefire-plugin/xsd/surefire-test-report-3.0.xsd" version="3.0" name="org.example.JdbcBandDaoTests" time="0.024" tests="4" errors="0" skipped="0" failures="0">
  <properties>
[...]
</properties>
  <testcase name="createBand_returns_band_with_id_and_expected_values" classname="org.example.JdbcBandDaoTests" time="0.007"/>
  <testcase name="getBandById_returns_correct_band" classname="org.example.JdbcBandDaoTests" time="0.003"/>
  <testcase name="updateBand_has_expected_values_when_retrieved" classname="org.example.JdbcBandDaoTests" time="0.006"/>
  <testcase name="getBands_returns_all_bands" classname="org.example.JdbcBandDaoTests" time="0.003"/>
</testsuite>